<?xml version="1.0" encoding="UTF-8"?>
<!-- Generated by org.testng.reporters.JUnitReportReporter -->
<testsuite hostname="Roshith" failures="0" tests="3" name="TestNG.New" time="0.048" errors="0" timestamp="2024-10-05T10:53:01 BST" skipped="0">
  <testcase classname="TestNG.New" name="openapp" time="0.044"/>
  <system-out/>
  <testcase classname="TestNG.New" name="login" time="0.001"/>
  <system-out/>
  <testcase classname="TestNG.New" name="logout" time="0.003"/>
  <system-out/>
</testsuite> <!-- TestNG.New -->
