<?xml version="1.0" encoding="UTF-8"?>
<!-- Generated by org.testng.reporters.JUnitReportReporter -->
<testsuite hostname="Roshith" failures="0" tests="4" name="TestNG.NewTest" time="12.459" errors="0" timestamp="2024-10-05T11:17:43 BST" skipped="0">
  <testcase classname="TestNG.NewTest" name="openapp" time="7.928"/>
  <system-out/>
  <testcase classname="TestNG.NewTest" name="testlogo" time="3.109"/>
  <system-out/>
  <testcase classname="TestNG.NewTest" name="testLogin" time="1.116"/>
  <system-out/>
  <testcase classname="TestNG.NewTest" name="Closeapp" time="0.306"/>
  <system-out/>
</testsuite> <!-- TestNG.NewTest -->
